
> credex-core-express@1.0.0 dev /workspaces/credex-dev/credex-core
> nodemon

[33m[nodemon] 3.1.4[39m
[33m[nodemon] to restart at any time, enter `rs`[39m
[33m[nodemon] watching path(s): src/**/* config/**/*[39m
[33m[nodemon] watching extensions: ts,json[39m
[32m[nodemon] starting `ts-node -r dotenv/config src/index.ts`[39m
/workspaces/credex-dev/credex-core/node_modules/undici/lib/core/util.js:623
  const listeners = (obj[kListeners] ??= [])
                                     ^^^

SyntaxError: Unexpected token '??='
    at wrapSafe (internal/modules/cjs/loader.js:1029:16)
    at Module._compile (internal/modules/cjs/loader.js:1078:27)
    at Module._extensions..js (internal/modules/cjs/loader.js:1143:10)
    at Object.require.extensions.<computed> [as .js] (/workspaces/credex-dev/credex-core/node_modules/ts-node/src/index.ts:1608:43)
    at Module.load (internal/modules/cjs/loader.js:979:32)
    at Function.Module._load (internal/modules/cjs/loader.js:819:12)
    at Module.require (internal/modules/cjs/loader.js:1003:19)
    at require (internal/modules/cjs/helpers.js:107:18)
    at Object.<anonymous> (/workspaces/credex-dev/credex-core/node_modules/undici/lib/dispatcher/client.js:8:14)
    at Module._compile (internal/modules/cjs/loader.js:1114:14)
[31m[nodemon] app crashed - waiting for file changes before starting...[39m
[32m[nodemon] restarting due to changes...[39m
[32m[nodemon] starting `ts-node -r dotenv/config src/index.ts`[39m
[32m[nodemon] restarting due to changes...[39m
[32m[nodemon] restarting due to changes...[39m
[32m[nodemon] restarting due to changes...[39m
[32m[nodemon] restarting due to changes...[39m
[32m[nodemon] restarting due to changes...[39m
[32m[nodemon] restarting due to changes...[39m
[32m[nodemon] restarting due to changes...[39m
[32m[nodemon] restarting due to changes...[39m
[32m[nodemon] restarting due to changes...[39m
[32m[nodemon] restarting due to changes...[39m
[32m[nodemon] restarting due to changes...[39m
[32m[nodemon] restarting due to changes...[39m
[32m[nodemon] restarting due to changes...[39m
[32m[nodemon] restarting due to changes...[39m
[32m[nodemon] restarting due to changes...[39m
[32m[nodemon] restarting due to changes...[39m
[32m[nodemon] restarting due to changes...[39m
[32m[nodemon] restarting due to changes...[39m
[32m[nodemon] restarting due to changes...[39m
[32m[nodemon] restarting due to changes...[39m
[32m[nodemon] restarting due to changes...[39m
[32m[nodemon] restarting due to changes...[39m
[32m[nodemon] restarting due to changes...[39m
[32m[nodemon] restarting due to changes...[39m
[32m[nodemon] restarting due to changes...[39m
[32m[nodemon] restarting due to changes...[39m
[32m[nodemon] restarting due to changes...[39m
[32m[nodemon] restarting due to changes...[39m
[32m[nodemon] restarting due to changes...[39m
[32m[nodemon] restarting due to changes...[39m
[32m[nodemon] restarting due to changes...[39m
[32m[nodemon] restarting due to changes...[39m
[32m[nodemon] restarting due to changes...[39m
[32m[nodemon] restarting due to changes...[39m
[32m[nodemon] restarting due to changes...[39m
[32m[nodemon] restarting due to changes...[39m
[32m[nodemon] restarting due to changes...[39m
[32m[nodemon] restarting due to changes...[39m
[32m[nodemon] restarting due to changes...[39m
[32m[nodemon] restarting due to changes...[39m
[32m[nodemon] restarting due to changes...[39m
[32m[nodemon] restarting due to changes...[39m
[32m[nodemon] restarting due to changes...[39m
[32m[nodemon] restarting due to changes...[39m
[32m[nodemon] restarting due to changes...[39m
[32m[nodemon] restarting due to changes...[39m
[32m[nodemon] restarting due to changes...[39m
[32m[nodemon] restarting due to changes...[39m
[32m[nodemon] restarting due to changes...[39m
[32m[nodemon] restarting due to changes...[39m
[32m[nodemon] restarting due to changes...[39m
[32m[nodemon] restarting due to changes...[39m
[32m[nodemon] restarting due to changes...[39m
[32m[nodemon] restarting due to changes...[39m
[32m[nodemon] restarting due to changes...[39m
[32m[nodemon] restarting due to changes...[39m
[32m[nodemon] restarting due to changes...[39m
[32m[nodemon] restarting due to changes...[39m
[32m[nodemon] restarting due to changes...[39m
[32m[nodemon] restarting due to changes...[39m
[32m[nodemon] restarting due to changes...[39m
[32m[nodemon] restarting due to changes...[39m
[32m[nodemon] restarting due to changes...[39m
[32m[nodemon] restarting due to changes...[39m
[32m[nodemon] restarting due to changes...[39m
[32m[nodemon] restarting due to changes...[39m
[32m[nodemon] restarting due to changes...[39m
[32m[nodemon] restarting due to changes...[39m
[32m[nodemon] restarting due to changes...[39m
[32m[nodemon] restarting due to changes...[39m
[32m[nodemon] restarting due to changes...[39m
[32m[nodemon] restarting due to changes...[39m
[32m[nodemon] restarting due to changes...[39m
[32m[nodemon] restarting due to changes...[39m
[32m[nodemon] restarting due to changes...[39m
[32m[nodemon] restarting due to changes...[39m
[32m[nodemon] restarting due to changes...[39m
[32m[nodemon] restarting due to changes...[39m
[32m[nodemon] restarting due to changes...[39m
[32m[nodemon] restarting due to changes...[39m
[32m[nodemon] restarting due to changes...[39m
[32m[nodemon] restarting due to changes...[39m
[32m[nodemon] restarting due to changes...[39m
[32m[nodemon] restarting due to changes...[39m
[32m[nodemon] restarting due to changes...[39m
[32m[nodemon] restarting due to changes...[39m
[32m[nodemon] restarting due to changes...[39m
[32m[nodemon] restarting due to changes...[39m
[32m[nodemon] restarting due to changes...[39m
[32m[nodemon] restarting due to changes...[39m
[32m[nodemon] restarting due to changes...[39m
[32m[nodemon] starting `ts-node -r dotenv/config src/index.ts`[39m
[32m[nodemon] restarting due to changes...[39m
[32m[nodemon] restarting due to changes...[39m
[32m[nodemon] restarting due to changes...[39m
[32m[nodemon] restarting due to changes...[39m
[32m[nodemon] restarting due to changes...[39m
[32m[nodemon] restarting due to changes...[39m
[32m[nodemon] restarting due to changes...[39m
[32m[nodemon] restarting due to changes...[39m
[32m[nodemon] restarting due to changes...[39m
[32m[nodemon] restarting due to changes...[39m
[32m[nodemon] restarting due to changes...[39m
[32m[nodemon] restarting due to changes...[39m
[32m[nodemon] restarting due to changes...[39m
[32m[nodemon] restarting due to changes...[39m
[32m[nodemon] restarting due to changes...[39m
[32m[nodemon] restarting due to changes...[39m
[32m[nodemon] starting `ts-node -r dotenv/config src/index.ts`[39m
[32m[nodemon] restarting due to changes...[39m
[32m[nodemon] restarting due to changes...[39m
[32m[nodemon] restarting due to changes...[39m
[32m[nodemon] restarting due to changes...[39m
[32m[nodemon] restarting due to changes...[39m
[32m[nodemon] starting `ts-node -r dotenv/config src/index.ts`[39m
/workspaces/credex-dev/credex-core/config/config.ts:8
    throw new Error(`Missing required environment variables: ${missingVars.join(', ')}`);
          ^
Error: Missing required environment variables: DEPLOYMENT
    at validateEnv (/workspaces/credex-dev/credex-core/config/config.ts:8:11)
    at Object.<anonymous> (/workspaces/credex-dev/credex-core/config/config.ts:25:22)
    at Module._compile (internal/modules/cjs/loader.js:1114:14)
    at Module.m._compile (/workspaces/credex-dev/credex-core/node_modules/ts-node/src/index.ts:1618:23)
    at Module._extensions..js (internal/modules/cjs/loader.js:1143:10)
    at Object.require.extensions.<computed> [as .ts] (/workspaces/credex-dev/credex-core/node_modules/ts-node/src/index.ts:1621:12)
    at Module.load (internal/modules/cjs/loader.js:979:32)
    at Function.Module._load (internal/modules/cjs/loader.js:819:12)
    at Module.require (internal/modules/cjs/loader.js:1003:19)
    at require (internal/modules/cjs/helpers.js:107:18)
[31m[nodemon] app crashed - waiting for file changes before starting...[39m
